
Running 11 tests using 6 workers

[1A[2K[1/11] [chromium] › e2e/00-authentication.spec.ts:36:7 › Authentication Flow › should validate required fields
[1A[2K[2/11] [chromium] › e2e/00-authentication.spec.ts:19:7 › Authentication Flow › should display login form
[1A[2K[3/11] [chromium] › e2e/00-authentication.spec.ts:11:7 › Authentication Flow › should redirect unauthenticated users to login
[1A[2K[4/11] [chromium] › e2e/00-authentication.spec.ts:81:7 › Authentication Flow › should handle login form submission
[1A[2K[5/11] [chromium] › e2e/00-authentication.spec.ts:68:7 › Authentication Flow › should handle login with mock authentication
[1A[2K[6/11] [chromium] › e2e/00-authentication.spec.ts:119:7 › Authentication Flow › should show password visibility toggle
[1A[2K[7/11] [chromium] › e2e/00-authentication.spec.ts:138:7 › Authentication Flow › should handle keyboard navigation in login form
[1A[2K[8/11] [chromium] › e2e/01-app-initialization.spec.ts:5:7 › Application Initialization › should load the application and redirect to login for unauthenticated users
[1A[2K[9/11] [chromium] › e2e/01-app-initialization.spec.ts:35:7 › Application Initialization › should redirect to dashboard when authenticated
[1A[2K[10/11] [chromium] › e2e/01-app-initialization.spec.ts:50:7 › Application Initialization › should have proper meta tags and SEO elements
[1A[2K[11/11] [chromium] › e2e/01-app-initialization.spec.ts:66:7 › Application Initialization › should be responsive on different screen sizes
[1A[2K  1) [chromium] › e2e/00-authentication.spec.ts:36:7 › Authentication Flow › should validate required fields 

    [31mTest timeout of 30000ms exceeded.[39m

    Error: locator.click: Test timeout of 30000ms exceeded.
    Call log:
    [2m  - waiting for locator('button[type="submit"], button:has-text("Login"), button:has-text("Sign In")')[22m
    [2m    - locator resolved to <button type="submit" color="primary" disabled="true" mat-raised-button="" _ngcontent-ng-c4144321039="" mat-ripple-loader-disabled="" mat-ripple-loader-uninitialized="" mat-ripple-loader-class-name="mat-mdc-button-ripple" class="mdc-button mat-mdc-button-base login-button mdc-button--raised mat-mdc-raised-button mat-primary mat-mdc-button-disabled">…</button>[22m
    [2m  - attempting click action[22m
    [2m    2 × waiting for element to be visible, enabled and stable[22m
    [2m      - element is not enabled[22m
    [2m    - retrying click action[22m
    [2m    - waiting 20ms[22m
    [2m    2 × waiting for element to be visible, enabled and stable[22m
    [2m      - element is not enabled[22m
    [2m    - retrying click action[22m
    [2m      - waiting 100ms[22m
    [2m    48 × waiting for element to be visible, enabled and stable[22m
    [2m       - element is not enabled[22m
    [2m     - retrying click action[22m
    [2m       - waiting 500ms[22m
    [2m    - waiting for element to be visible, enabled and stable[22m


      40 |     // Try to submit empty form
      41 |     const loginButton = page.locator('button[type="submit"], button:has-text("Login"), button:has-text("Sign In")');
    > 42 |     await loginButton.click();
         |                       ^
      43 |
      44 |     // Look for validation errors
      45 |     const errorSelectors = [
        at /home/maqthyar/d/projects/cp/mutual-fund-manager-ui/e2e/00-authentication.spec.ts:42:23

    attachment #1: screenshot (image/png) ──────────────────────────────────────────────────────────
    test-results/00-authentication-Authenti-c093b-ld-validate-required-fields-chromium/test-failed-1.png
    ────────────────────────────────────────────────────────────────────────────────────────────────

    attachment #2: video (video/webm) ──────────────────────────────────────────────────────────────
    test-results/00-authentication-Authenti-c093b-ld-validate-required-fields-chromium/video.webm
    ────────────────────────────────────────────────────────────────────────────────────────────────

    Error Context: test-results/00-authentication-Authenti-c093b-ld-validate-required-fields-chromium/error-context.md


[1A[2K  2) [chromium] › e2e/00-authentication.spec.ts:119:7 › Authentication Flow › should show password visibility toggle 

    [31mTest timeout of 30000ms exceeded.[39m

    Error: locator.getAttribute: Test timeout of 30000ms exceeded.
    Call log:
    [2m  - waiting for locator('input[type="password"]').first()[22m


      131 |
      132 |       // Password input type might change to text
    > 133 |       const inputType = await passwordInput.first().getAttribute('type');
          |                                                     ^
      134 |       expect(inputType === 'text' || inputType === 'password').toBe(true);
      135 |     }
      136 |   });
        at /home/maqthyar/d/projects/cp/mutual-fund-manager-ui/e2e/00-authentication.spec.ts:133:53

    attachment #1: screenshot (image/png) ──────────────────────────────────────────────────────────
    test-results/00-authentication-Authenti-32af5--password-visibility-toggle-chromium/test-failed-1.png
    ────────────────────────────────────────────────────────────────────────────────────────────────

    attachment #2: video (video/webm) ──────────────────────────────────────────────────────────────
    test-results/00-authentication-Authenti-32af5--password-visibility-toggle-chromium/video.webm
    ────────────────────────────────────────────────────────────────────────────────────────────────

    Error Context: test-results/00-authentication-Authenti-32af5--password-visibility-toggle-chromium/error-context.md


[1A[2K  2 failed
    [chromium] › e2e/00-authentication.spec.ts:36:7 › Authentication Flow › should validate required fields 
    [chromium] › e2e/00-authentication.spec.ts:119:7 › Authentication Flow › should show password visibility toggle 
  9 passed (31.5s)
